<?xml version="1.0" encoding="UTF-8"?>
<testng-results ignored="0" total="1" passed="1" failed="0" skipped="0">
  <reporter-output>
  </reporter-output>
  <suite started-at="2020-09-10T18:19:07 IST" name="Default suite" finished-at="2020-09-10T18:24:51 IST" duration-ms="343819">
    <groups>
    </groups>
    <test started-at="2020-09-10T18:19:07 IST" name="Default test" finished-at="2020-09-10T18:24:51 IST" duration-ms="343819">
      <class name="NgoTest">
        <test-method signature="f()[pri:0, instance:NgoTest@424ebba3]" started-at="2020-09-10T18:19:07 IST" name="f" finished-at="2020-09-10T18:24:51 IST" duration-ms="343777" status="PASS">
          <reporter-output>
          </reporter-output>
        </test-method> <!-- f -->
      </class> <!-- NgoTest -->
    </test> <!-- Default test -->
  </suite> <!-- Default suite -->
</testng-results>
