<?xml version="1.0" encoding="UTF-8"?>
<testng-results ignored="0" total="2" passed="2" failed="0" skipped="0">
  <reporter-output>
  </reporter-output>
  <suite started-at="2020-06-24T19:29:05 IST" name="Default suite" finished-at="2020-06-24T19:29:08 IST" duration-ms="2624">
    <groups>
    </groups>
    <test started-at="2020-06-24T19:29:05 IST" name="Default test" finished-at="2020-06-24T19:29:08 IST" duration-ms="2624">
      <class name="udemy.testcases.FlightBookTest">
        <test-method signature="selectOrigin()[pri:1, instance:udemy.testcases.FlightBookTest@2b0f373b]" started-at="2020-06-24T19:29:05 IST" name="selectOrigin" finished-at="2020-06-24T19:29:06 IST" duration-ms="570" status="PASS">
          <reporter-output>
          </reporter-output>
        </test-method> <!-- selectOrigin -->
        <test-method signature="selectDestination()[pri:2, instance:udemy.testcases.FlightBookTest@2b0f373b]" started-at="2020-06-24T19:29:06 IST" name="selectDestination" finished-at="2020-06-24T19:29:08 IST" depends-on-methods="udemy.testcases.FlightBookTest.selectOrigin" duration-ms="1935" status="PASS">
          <reporter-output>
          </reporter-output>
        </test-method> <!-- selectDestination -->
      </class> <!-- udemy.testcases.FlightBookTest -->
    </test> <!-- Default test -->
  </suite> <!-- Default suite -->
</testng-results>
